\BOOKMARK [0][]{chapter.1}{1 Einf\374hrung}{}% 1
\BOOKMARK [1][-]{section.1.1}{1.1 Motivation}{chapter.1}% 2
\BOOKMARK [1][-]{section.1.2}{1.2 Voraussetzungen}{chapter.1}% 3
\BOOKMARK [0][]{chapter.2}{2 Projektdefinition und Zeitmanagement}{}% 4
\BOOKMARK [1][-]{section.2.1}{2.1 Projektziele}{chapter.2}% 5
\BOOKMARK [1][-]{section.2.2}{2.2 Anforderungen}{chapter.2}% 6
\BOOKMARK [2][-]{subsection.2.2.1}{2.2.1 Aerosole}{section.2.2}% 7
\BOOKMARK [2][-]{subsection.2.2.2}{2.2.2 Versuchsaufbau}{section.2.2}% 8
\BOOKMARK [1][-]{section.2.3}{2.3 Aufgaben}{chapter.2}% 9
\BOOKMARK [1][-]{section.2.4}{2.4 Zeitmanagement}{chapter.2}% 10
\BOOKMARK [0][]{chapter.3}{3 Technische Grundlagen}{}% 11
\BOOKMARK [1][-]{section.3.1}{3.1 Str\366mungsmechanik}{chapter.3}% 12
\BOOKMARK [2][-]{subsection.3.1.1}{3.1.1 Str\366mungseigenschaften}{section.3.1}% 13
\BOOKMARK [1][-]{section.3.2}{3.2 Reinraumtechnik}{chapter.3}% 14
\BOOKMARK [2][-]{subsection.3.2.1}{3.2.1 Eigenschaften von Partikeln}{section.3.2}% 15
\BOOKMARK [2][-]{subsection.3.2.2}{3.2.2 Partikelmessverfahren}{section.3.2}% 16
\BOOKMARK [2][-]{subsection.3.2.3}{3.2.3 Aerosole}{section.3.2}% 17
\BOOKMARK [1][-]{section.3.3}{3.3 Mechanische Grundlagen}{chapter.3}% 18
\BOOKMARK [2][-]{subsection.3.3.1}{3.3.1 Ventile \(Noch nicht fest\)}{section.3.3}% 19
\BOOKMARK [2][-]{subsection.3.3.2}{3.3.2 Luftfiltersysteme \(Noch nicht fest\)}{section.3.3}% 20
\BOOKMARK [0][]{chapter.4}{4 Versuchsplattform}{}% 21
\BOOKMARK [1][-]{section.4.1}{4.1 Partikelmessger\344te}{chapter.4}% 22
\BOOKMARK [2][-]{subsection.4.1.1}{4.1.1 OPS-3330}{section.4.1}% 23
\BOOKMARK [2][-]{subsection.4.1.2}{4.1.2 FMPS-3091}{section.4.1}% 24
\BOOKMARK [1][-]{section.4.2}{4.2 Simulation \(Unsicher\)}{chapter.4}% 25
\BOOKMARK [2][-]{subsection.4.2.1}{4.2.1 SpaceClaim \(Unsicher\)}{section.4.2}% 26
\BOOKMARK [2][-]{subsection.4.2.2}{4.2.2 Fluent \(Unsicher\)}{section.4.2}% 27
\BOOKMARK [1][-]{section.4.3}{4.3 Partikelgeneratoren}{chapter.4}% 28
\BOOKMARK [2][-]{subsection.4.3.1}{4.3.1 Topas ATM 220}{section.4.3}% 29
\BOOKMARK [2][-]{subsection.4.3.2}{4.3.2 Palas 2000H}{section.4.3}% 30
\BOOKMARK [0][]{chapter.5}{5 Analyse von Pr\374f-Aerosole}{}% 31
\BOOKMARK [1][-]{section.5.1}{5.1 Di-Ethyl-Hexyl-Sebacat \(DEHS\)}{chapter.5}% 32
\BOOKMARK [1][-]{section.5.2}{5.2 Di-N-Octylphtalat \(DOP\)}{chapter.5}% 33
\BOOKMARK [1][-]{section.5.3}{5.3 Emery 3004 \(PAO-4\)}{chapter.5}% 34
\BOOKMARK [1][-]{section.5.4}{5.4 Poly Styrene Latex Spheres \(PSL\)}{chapter.5}% 35
\BOOKMARK [1][-]{section.5.5}{5.5 Auswertung der Analyse}{chapter.5}% 36
\BOOKMARK [2][-]{subsection.5.5.1}{5.5.1 Anforderungsvergleich der Aerosole}{section.5.5}% 37
\BOOKMARK [0][]{chapter.6}{6 Konzepte f\374r den Versuchsaufbau}{}% 38
\BOOKMARK [1][-]{section.6.1}{6.1 Konzept 1}{chapter.6}% 39
\BOOKMARK [2][-]{subsection.6.1.1}{6.1.1 Aufbau}{section.6.1}% 40
\BOOKMARK [1][-]{section.6.2}{6.2 Konzept 2}{chapter.6}% 41
\BOOKMARK [1][-]{section.6.3}{6.3 Konzept 3}{chapter.6}% 42
\BOOKMARK [1][-]{section.6.4}{6.4 Konzept 4}{chapter.6}% 43
\BOOKMARK [1][-]{section.6.5}{6.5 Konzept 5}{chapter.6}% 44
\BOOKMARK [0][]{chapter.7}{7 Evaluation}{}% 45
\BOOKMARK [1][-]{section.7.1}{7.1 Analyse der Konzepte}{chapter.7}% 46
\BOOKMARK [1][-]{section.7.2}{7.2 Evaluation der Ergebnisse}{chapter.7}% 47
\BOOKMARK [0][]{chapter.8}{8 Fazit}{}% 48
\BOOKMARK [0][]{chapter.8}{Abbildungsverzeichnis}{}% 49
